# JRE version: OpenJDK Runtime Environment (8.0_242-b01) (build 1.8.0_242-release-1644-b01)
# Java VM: OpenJDK 64-Bit Server VM (25.242-b01 mixed mode windows-amd64 compressed oops)
Heap:
 PSYoungGen      total 561152K, used 62304K [0x00000000d5580000, 0x0000000100000000, 0x0000000100000000)
  eden space 448512K, 3% used [0x00000000d5580000,0x00000000d66bec78,0x00000000f0b80000)
  from space 112640K, 39% used [0x00000000f0b80000,0x00000000f3719780,0x00000000f7980000)
  to   space 112640K, 0% used [0x00000000f9200000,0x00000000f9200000,0x0000000100000000)
 ParOldGen       total 498688K, used 341760K [0x0000000080000000, 0x000000009e700000, 0x00000000d5580000)
  object space 498688K, 68% used [0x0000000080000000,0x0000000094dc00c8,0x000000009e700000)
 Metaspace       used 127821K, capacity 137130K, committed 137384K, reserved 1169408K
  class space    used 16444K, capacity 18047K, committed 18088K, reserved 1048576K
GC Heap History (10 events):
Event: 9053.151 GC heap before
{Heap before GC invocations=136 (full 9):
 PSYoungGen      total 530432K, used 387152K [0x00000000d5580000, 0x00000000fe900000, 0x0000000100000000)
  eden space 385024K, 100% used [0x00000000d5580000,0x00000000ecd80000,0x00000000ecd80000)
  from space 145408K, 1% used [0x00000000f5b00000,0x00000000f5d14010,0x00000000fe900000)
  to   space 144896K, 0% used [0x00000000ecd80000,0x00000000ecd80000,0x00000000f5b00000)
 ParOldGen       total 498688K, used 335320K [0x0000000080000000, 0x000000009e700000, 0x00000000d5580000)
  object space 498688K, 67% used [0x0000000080000000,0x0000000094776070,0x000000009e700000)
 Metaspace       used 127817K, capacity 137130K, committed 137384K, reserved 1169408K
  class space    used 16444K, capacity 18047K, committed 18088K, reserved 1048576K
Event: 9053.179 GC heap after
Heap after GC invocations=136 (full 9):
 PSYoungGen      total 529920K, used 3584K [0x00000000d5580000, 0x00000000fef80000, 0x0000000100000000)
  eden space 385024K, 0% used [0x00000000d5580000,0x00000000d5580000,0x00000000ecd80000)
  from space 144896K, 2% used [0x00000000ecd80000,0x00000000ed100000,0x00000000f5b00000)
  to   space 136704K, 0% used [0x00000000f6a00000,0x00000000f6a00000,0x00000000fef80000)
 ParOldGen       total 498688K, used 336908K [0x0000000080000000, 0x000000009e700000, 0x00000000d5580000)
  object space 498688K, 67% used [0x0000000080000000,0x0000000094903088,0x000000009e700000)
 Metaspace       used 127817K, capacity 137130K, committed 137384K, reserved 1169408K
  class space    used 16444K, capacity 18047K, committed 18088K, reserved 1048576K
}
Event: 9053.922 GC heap before
{Heap before GC invocations=137 (full 9):
 PSYoungGen      total 529920K, used 388608K [0x00000000d5580000, 0x00000000fef80000, 0x0000000100000000)
  eden space 385024K, 100% used [0x00000000d5580000,0x00000000ecd80000,0x00000000ecd80000)
  from space 144896K, 2% used [0x00000000ecd80000,0x00000000ed100000,0x00000000f5b00000)
  to   space 136704K, 0% used [0x00000000f6a00000,0x00000000f6a00000,0x00000000fef80000)
 ParOldGen       total 498688K, used 336908K [0x0000000080000000, 0x000000009e700000, 0x00000000d5580000)
  object space 498688K, 67% used [0x0000000080000000,0x0000000094903088,0x000000009e700000)
 Metaspace       used 127817K, capacity 137130K, committed 137384K, reserved 1169408K
  class space    used 16444K, capacity 18047K, committed 18088K, reserved 1048576K
Event: 9053.936 GC heap after
Heap after GC invocations=137 (full 9):
 PSYoungGen      total 546304K, used 2080K [0x00000000d5580000, 0x00000000fe900000, 0x0000000100000000)
  eden space 416256K, 0% used [0x00000000d5580000,0x00000000d5580000,0x00000000eec00000)
  from space 130048K, 1% used [0x00000000f6a00000,0x00000000f6c08030,0x00000000fe900000)
  to   space 129024K, 0% used [0x00000000eec00000,0x00000000eec00000,0x00000000f6a00000)
 ParOldGen       total 498688K, used 338564K [0x0000000080000000, 0x000000009e700000, 0x00000000d5580000)
  object space 498688K, 67% used [0x0000000080000000,0x0000000094aa1088,0x000000009e700000)
 Metaspace       used 127817K, capacity 137130K, committed 137384K, reserved 1169408K
  class space    used 16444K, capacity 18047K, committed 18088K, reserved 1048576K
}
Event: 9054.797 GC heap before
{Heap before GC invocations=138 (full 9):
 PSYoungGen      total 546304K, used 418336K [0x00000000d5580000, 0x00000000fe900000, 0x0000000100000000)
  eden space 416256K, 100% used [0x00000000d5580000,0x00000000eec00000,0x00000000eec00000)
  from space 130048K, 1% used [0x00000000f6a00000,0x00000000f6c08030,0x00000000fe900000)
  to   space 129024K, 0% used [0x00000000eec00000,0x00000000eec00000,0x00000000f6a00000)
 ParOldGen       total 498688K, used 338564K [0x0000000080000000, 0x000000009e700000, 0x00000000d5580000)
  object space 498688K, 67% used [0x0000000080000000,0x0000000094aa1088,0x000000009e700000)
 Metaspace       used 127817K, capacity 137130K, committed 137384K, reserved 1169408K
  class space    used 16444K, capacity 18047K, committed 18088K, reserved 1048576K
Event: 9054.811 GC heap after
Heap after GC invocations=138 (full 9):
 PSYoungGen      total 545280K, used 2384K [0x00000000d5580000, 0x00000000ff000000, 0x0000000100000000)
  eden space 416256K, 0% used [0x00000000d5580000,0x00000000d5580000,0x00000000eec00000)
  from space 129024K, 1% used [0x00000000eec00000,0x00000000eee54010,0x00000000f6a00000)
  to   space 121344K, 0% used [0x00000000f7980000,0x00000000f7980000,0x00000000ff000000)
 ParOldGen       total 498688K, used 340124K [0x0000000080000000, 0x000000009e700000, 0x00000000d5580000)
  object space 498688K, 68% used [0x0000000080000000,0x0000000094c270b8,0x000000009e700000)
 Metaspace       used 127817K, capacity 137130K, committed 137384K, reserved 1169408K
  class space    used 16444K, capacity 18047K, committed 18088K, reserved 1048576K
}
Event: 9055.927 GC heap before
{Heap before GC invocations=139 (full 9):
 PSYoungGen      total 545280K, used 418640K [0x00000000d5580000, 0x00000000ff000000, 0x0000000100000000)
  eden space 416256K, 100% used [0x00000000d5580000,0x00000000eec00000,0x00000000eec00000)
  from space 129024K, 1% used [0x00000000eec00000,0x00000000eee54010,0x00000000f6a00000)
  to   space 121344K, 0% used [0x00000000f7980000,0x00000000f7980000,0x00000000ff000000)
 ParOldGen       total 498688K, used 340124K [0x0000000080000000, 0x000000009e700000, 0x00000000d5580000)
  object space 498688K, 68% used [0x0000000080000000,0x0000000094c270b8,0x000000009e700000)
 Metaspace       used 127819K, capacity 137130K, committed 137384K, reserved 1169408K
  class space    used 16444K, capacity 18047K, committed 18088K, reserved 1048576K
Event: 9055.973 GC heap after
Heap after GC invocations=139 (full 9):
 PSYoungGen      total 561152K, used 13376K [0x00000000d5580000, 0x00000000fe780000, 0x0000000100000000)
  eden space 448512K, 0% used [0x00000000d5580000,0x00000000d5580000,0x00000000f0b80000)
  from space 112640K, 11% used [0x00000000f7980000,0x00000000f8690100,0x00000000fe780000)
  to   space 112640K, 0% used [0x00000000f0b80000,0x00000000f0b80000,0x00000000f7980000)
 ParOldGen       total 498688K, used 340124K [0x0000000080000000, 0x000000009e700000, 0x00000000d5580000)
  object space 498688K, 68% used [0x0000000080000000,0x0000000094c270b8,0x000000009e700000)
 Metaspace       used 127819K, capacity 137130K, committed 137384K, reserved 1169408K
  class space    used 16444K, capacity 18047K, committed 18088K, reserved 1048576K
}
Event: 9057.290 GC heap before
{Heap before GC invocations=140 (full 9):
 PSYoungGen      total 561152K, used 461888K [0x00000000d5580000, 0x00000000fe780000, 0x0000000100000000)
  eden space 448512K, 100% used [0x00000000d5580000,0x00000000f0b80000,0x00000000f0b80000)
  from space 112640K, 11% used [0x00000000f7980000,0x00000000f8690100,0x00000000fe780000)
  to   space 112640K, 0% used [0x00000000f0b80000,0x00000000f0b80000,0x00000000f7980000)
 ParOldGen       total 498688K, used 340124K [0x0000000080000000, 0x000000009e700000, 0x00000000d5580000)
  object space 498688K, 68% used [0x0000000080000000,0x0000000094c270b8,0x000000009e700000)
 Metaspace       used 127820K, capacity 137130K, committed 137384K, reserved 1169408K
  class space    used 16444K, capacity 18047K, committed 18088K, reserved 1048576K
Event: 9057.386 GC heap after
Heap after GC invocations=140 (full 9):
 PSYoungGen      total 561152K, used 44645K [0x00000000d5580000, 0x0000000100000000, 0x0000000100000000)
  eden space 448512K, 0% used [0x00000000d5580000,0x00000000d5580000,0x00000000f0b80000)
  from space 112640K, 39% used [0x00000000f0b80000,0x00000000f3719780,0x00000000f7980000)
  to   space 112640K, 0% used [0x00000000f9200000,0x00000000f9200000,0x0000000100000000)
 ParOldGen       total 498688K, used 341760K [0x0000000080000000, 0x000000009e700000, 0x00000000d5580000)
  object space 498688K, 68% used [0x0000000080000000,0x0000000094dc00c8,0x000000009e700000)
 Metaspace       used 127820K, capacity 137130K, committed 137384K, reserved 1169408K
  class space    used 16444K, capacity 18047K, committed 18088K, reserved 1048576K
}

