# JRE version: OpenJDK Runtime Environment (8.0_242-b01) (build 1.8.0_242-release-1644-b01)
# Java VM: OpenJDK 64-Bit Server VM (25.242-b01 mixed mode windows-amd64 compressed oops)
Heap:
 PSYoungGen      total 472064K, used 123879K [0x00000000d5580000, 0x00000000fed00000, 0x0000000100000000)
  eden space 293376K, 40% used [0x00000000d5580000,0x00000000dc95de60,0x00000000e7400000)
  from space 178688K, 2% used [0x00000000f3e80000,0x00000000f439c0e0,0x00000000fed00000)
  to   space 193024K, 0% used [0x00000000e7400000,0x00000000e7400000,0x00000000f3080000)
 ParOldGen       total 523264K, used 297140K [0x0000000080000000, 0x000000009ff00000, 0x00000000d5580000)
  object space 523264K, 56% used [0x0000000080000000,0x000000009222d170,0x000000009ff00000)
 Metaspace       used 111366K, capacity 118902K, committed 119512K, reserved 1153024K
  class space    used 14273K, capacity 15505K, committed 15616K, reserved 1048576K
GC Heap History (10 events):
Event: 3845.571 GC heap before
{Heap before GC invocations=105 (full 8):
 PSYoungGen      total 553472K, used 553456K [0x00000000d5580000, 0x0000000100000000, 0x0000000100000000)
  eden space 452096K, 100% used [0x00000000d5580000,0x00000000f0f00000,0x00000000f0f00000)
  from space 101376K, 99% used [0x00000000f9b80000,0x00000000ffe7c2c8,0x00000000ffe80000)
  to   space 123392K, 0% used [0x00000000f0f00000,0x00000000f0f00000,0x00000000f8780000)
 ParOldGen       total 453632K, used 335663K [0x0000000080000000, 0x000000009bb00000, 0x00000000d5580000)
  object space 453632K, 73% used [0x0000000080000000,0x00000000947cbd60,0x000000009bb00000)
 Metaspace       used 111529K, capacity 119184K, committed 119512K, reserved 1153024K
  class space    used 14310K, capacity 15578K, committed 15616K, reserved 1048576K
Event: 3845.819 GC heap after
Heap after GC invocations=105 (full 8):
 PSYoungGen      total 575488K, used 123381K [0x00000000d5580000, 0x0000000100000000, 0x0000000100000000)
  eden space 452096K, 0% used [0x00000000d5580000,0x00000000d5580000,0x00000000f0f00000)
  from space 123392K, 99% used [0x00000000f0f00000,0x00000000f877d6e8,0x00000000f8780000)
  to   space 123392K, 0% used [0x00000000f8780000,0x00000000f8780000,0x0000000100000000)
 ParOldGen       total 453632K, used 380124K [0x0000000080000000, 0x000000009bb00000, 0x00000000d5580000)
  object space 453632K, 83% used [0x0000000080000000,0x0000000097337280,0x000000009bb00000)
 Metaspace       used 111529K, capacity 119184K, committed 119512K, reserved 1153024K
  class space    used 14310K, capacity 15578K, committed 15616K, reserved 1048576K
}
Event: 3847.168 GC heap before
{Heap before GC invocations=106 (full 8):
 PSYoungGen      total 575488K, used 575477K [0x00000000d5580000, 0x0000000100000000, 0x0000000100000000)
  eden space 452096K, 100% used [0x00000000d5580000,0x00000000f0f00000,0x00000000f0f00000)
  from space 123392K, 99% used [0x00000000f0f00000,0x00000000f877d6e8,0x00000000f8780000)
  to   space 123392K, 0% used [0x00000000f8780000,0x00000000f8780000,0x0000000100000000)
 ParOldGen       total 453632K, used 380124K [0x0000000080000000, 0x000000009bb00000, 0x00000000d5580000)
  object space 453632K, 83% used [0x0000000080000000,0x0000000097337280,0x000000009bb00000)
 Metaspace       used 111530K, capacity 119184K, committed 119512K, reserved 1153024K
  class space    used 14310K, capacity 15578K, committed 15616K, reserved 1048576K
Event: 3847.462 GC heap after
Heap after GC invocations=106 (full 8):
 PSYoungGen      total 407552K, used 123370K [0x00000000d5580000, 0x0000000100000000, 0x0000000100000000)
  eden space 284160K, 0% used [0x00000000d5580000,0x00000000d5580000,0x00000000e6b00000)
  from space 123392K, 99% used [0x00000000f8780000,0x00000000ffffaa38,0x0000000100000000)
  to   space 207360K, 0% used [0x00000000e6b00000,0x00000000e6b00000,0x00000000f3580000)
 ParOldGen       total 453632K, used 451476K [0x0000000080000000, 0x000000009bb00000, 0x00000000d5580000)
  object space 453632K, 99% used [0x0000000080000000,0x000000009b8e51d8,0x000000009bb00000)
 Metaspace       used 111530K, capacity 119184K, committed 119512K, reserved 1153024K
  class space    used 14310K, capacity 15578K, committed 15616K, reserved 1048576K
}
Event: 3847.462 GC heap before
{Heap before GC invocations=107 (full 9):
 PSYoungGen      total 407552K, used 123370K [0x00000000d5580000, 0x0000000100000000, 0x0000000100000000)
  eden space 284160K, 0% used [0x00000000d5580000,0x00000000d5580000,0x00000000e6b00000)
  from space 123392K, 99% used [0x00000000f8780000,0x00000000ffffaa38,0x0000000100000000)
  to   space 207360K, 0% used [0x00000000e6b00000,0x00000000e6b00000,0x00000000f3580000)
 ParOldGen       total 453632K, used 451476K [0x0000000080000000, 0x000000009bb00000, 0x00000000d5580000)
  object space 453632K, 99% used [0x0000000080000000,0x000000009b8e51d8,0x000000009bb00000)
 Metaspace       used 111530K, capacity 119184K, committed 119512K, reserved 1153024K
  class space    used 14310K, capacity 15578K, committed 15616K, reserved 1048576K
Event: 3848.854 GC heap after
Heap after GC invocations=107 (full 9):
 PSYoungGen      total 407552K, used 0K [0x00000000d5580000, 0x0000000100000000, 0x0000000100000000)
  eden space 284160K, 0% used [0x00000000d5580000,0x00000000d5580000,0x00000000e6b00000)
  from space 123392K, 0% used [0x00000000f8780000,0x00000000f8780000,0x0000000100000000)
  to   space 207360K, 0% used [0x00000000e6b00000,0x00000000e6b00000,0x00000000f3580000)
 ParOldGen       total 523264K, used 267537K [0x0000000080000000, 0x000000009ff00000, 0x00000000d5580000)
  object space 523264K, 51% used [0x0000000080000000,0x0000000090544638,0x000000009ff00000)
 Metaspace       used 111333K, capacity 118830K, committed 119512K, reserved 1153024K
  class space    used 14272K, capacity 15505K, committed 15616K, reserved 1048576K
}
Event: 3850.557 GC heap before
{Heap before GC invocations=108 (full 9):
 PSYoungGen      total 407552K, used 284160K [0x00000000d5580000, 0x0000000100000000, 0x0000000100000000)
  eden space 284160K, 100% used [0x00000000d5580000,0x00000000e6b00000,0x00000000e6b00000)
  from space 123392K, 0% used [0x00000000f8780000,0x00000000f8780000,0x0000000100000000)
  to   space 207360K, 0% used [0x00000000e6b00000,0x00000000e6b00000,0x00000000f3580000)
 ParOldGen       total 523264K, used 267537K [0x0000000080000000, 0x000000009ff00000, 0x00000000d5580000)
  object space 523264K, 51% used [0x0000000080000000,0x0000000090544638,0x000000009ff00000)
 Metaspace       used 111361K, capacity 118894K, committed 119512K, reserved 1153024K
  class space    used 14273K, capacity 15505K, committed 15616K, reserved 1048576K
Event: 3850.610 GC heap after
Heap after GC invocations=108 (full 9):
 PSYoungGen      total 491520K, used 29447K [0x00000000d5580000, 0x0000000100000000, 0x0000000100000000)
  eden space 284160K, 0% used [0x00000000d5580000,0x00000000d5580000,0x00000000e6b00000)
  from space 207360K, 14% used [0x00000000e6b00000,0x00000000e87c1e98,0x00000000f3580000)
  to   space 198144K, 0% used [0x00000000f3e80000,0x00000000f3e80000,0x0000000100000000)
 ParOldGen       total 523264K, used 267545K [0x0000000080000000, 0x000000009ff00000, 0x00000000d5580000)
  object space 523264K, 51% used [0x0000000080000000,0x0000000090546638,0x000000009ff00000)
 Metaspace       used 111361K, capacity 118894K, committed 119512K, reserved 1153024K
  class space    used 14273K, capacity 15505K, committed 15616K, reserved 1048576K
}
Event: 3852.025 GC heap before
{Heap before GC invocations=109 (full 9):
 PSYoungGen      total 491520K, used 313607K [0x00000000d5580000, 0x0000000100000000, 0x0000000100000000)
  eden space 284160K, 100% used [0x00000000d5580000,0x00000000e6b00000,0x00000000e6b00000)
  from space 207360K, 14% used [0x00000000e6b00000,0x00000000e87c1e98,0x00000000f3580000)
  to   space 198144K, 0% used [0x00000000f3e80000,0x00000000f3e80000,0x0000000100000000)
 ParOldGen       total 523264K, used 267545K [0x0000000080000000, 0x000000009ff00000, 0x00000000d5580000)
  object space 523264K, 51% used [0x0000000080000000,0x0000000090546638,0x000000009ff00000)
 Metaspace       used 111366K, capacity 118902K, committed 119512K, reserved 1153024K
  class space    used 14273K, capacity 15505K, committed 15616K, reserved 1048576K
Event: 3852.096 GC heap after
Heap after GC invocations=109 (full 9):
 PSYoungGen      total 472064K, used 5232K [0x00000000d5580000, 0x00000000fed00000, 0x0000000100000000)
  eden space 293376K, 0% used [0x00000000d5580000,0x00000000d5580000,0x00000000e7400000)
  from space 178688K, 2% used [0x00000000f3e80000,0x00000000f439c0e0,0x00000000fed00000)
  to   space 193024K, 0% used [0x00000000e7400000,0x00000000e7400000,0x00000000f3080000)
 ParOldGen       total 523264K, used 297140K [0x0000000080000000, 0x000000009ff00000, 0x00000000d5580000)
  object space 523264K, 56% used [0x0000000080000000,0x000000009222d170,0x000000009ff00000)
 Metaspace       used 111366K, capacity 118902K, committed 119512K, reserved 1153024K
  class space    used 14273K, capacity 15505K, committed 15616K, reserved 1048576K
}

